<?xml version="1.0" encoding="UTF-8"?>
<!-- Generated by org.testng.reporters.JUnitXMLReporter -->
<testsuite hostname="Rishi-PC" name="Validating title in the name" tests="1" failures="1" timestamp="11 Sep 2023 16:17:29 GMT" time="19.223" errors="0">
  <testcase name="validateAppTitle" time="0.062" classname="academy.ValidateTitle">
    <failure type="java.lang.AssertionError" message="expected [Rediff.com: News | Rediffmail | Stock Quotes | Shopping] but found [REALTIME NEWS]">
      <![CDATA[java.lang.AssertionError: expected [Rediff.com: News | Rediffmail | Stock Quotes | Shopping] but found [REALTIME NEWS]
	at academy.ValidateTitle.validateAppTitle(ValidateTitle.java:37)
... Removed 29 stack frames]]>
    </failure>
  </testcase> <!-- validateAppTitle -->
</testsuite> <!-- Validating title in the name -->
